生成启动时间为 2015/10/13 17:41:43。
     1>项目“D:\Documents\Visual Studio 2015\Projects\TEST\TEST\TEST.vcxproj”在节点 2 上(Build 个目标)。
     1>ClCompile:
         D:\Visual Studio Commnity 2015\VC\bin\CL.exe /c /ZI /nologo /W3 /WX- /sdl /Od /Oy- /D WIN32 /D _DEBUG /D _CONSOLE /D _UNICODE /D UNICODE /Gm /EHsc /RTC1 /MDd /GS /fp:precise /Zc:wchar_t /Zc:forScope /Zc:inline /Fo"Debug\\" /Fd"Debug\vc140.pdb" /Gd /TP /analyze- /errorReport:prompt TEST.cpp
         TEST.cpp
     1>d:\documents\visual studio 2015\projects\test\test\test.cpp(8): error C2040: “a”:“int”与“int [10]”的间接寻址级别不同
     1>d:\documents\visual studio 2015\projects\test\test\test.cpp(11): error C3861: “cubeByValue”: 找不到标识符
     1>d:\documents\visual studio 2015\projects\test\test\test.cpp(11): error C2088: “<<”: 对于 class 非法
     1>d:\documents\visual studio 2015\projects\test\test\test.cpp(13): fatal error C1075: 左侧的 大括号“{” 与文件结尾不匹配
     1>已完成生成项目“D:\Documents\Visual Studio 2015\Projects\TEST\TEST\TEST.vcxproj”(Build 个目标)的操作 - 失败。

生成失败。

已用时间 00:00:00.73
